Compiling the C compiler identification source file "CMakeCCompilerId.c" failed.
Compiler: /Applications/Xcode.app/Contents/Developer/Toolchains/XcodeDefault.xctoolchain/usr/bin/cc 
Build flags: 
Id flags:  

The output was:
1
ld: library not found for -lSystem
clang: error: linker command failed with exit code 1 (use -v to see invocation)


Compiling the CXX compiler identification source file "CMakeCXXCompilerId.cpp" failed.
Compiler: /Applications/Xcode.app/Contents/Developer/Toolchains/XcodeDefault.xctoolchain/usr/bin/c++ 
Build flags: 
Id flags:  

The output was:
1
ld: library not found for -lc++
clang: error: linker command failed with exit code 1 (use -v to see invocation)


Checking whether the ASM compiler is GNU using "--version" did not match "(GNU assembler)|(GCC)|(Free Software Foundation)":
Apple clang version 12.0.5 (clang-1205.0.22.9)
Target: x86_64-apple-darwin20.3.0
Thread model: posix
InstalledDir: /Applications/Xcode.app/Contents/Developer/Toolchains/XcodeDefault.xctoolchain/usr/bin
Determining if the include file link.h exists failed with the following output:
Change Dir: /Users/wangyankun/Downloads/llvm-project-swift-release-5.4/llvm/cmake-build-debug/CMakeFiles/CMakeTmp

Run Build Command(s):/usr/bin/make cmTC_e8c79/fast && /Applications/Xcode.app/Contents/Developer/usr/bin/make  -f CMakeFiles/cmTC_e8c79.dir/build.make CMakeFiles/cmTC_e8c79.dir/build
Building C object CMakeFiles/cmTC_e8c79.dir/CheckIncludeFile.c.o
/Applications/Xcode.app/Contents/Developer/Toolchains/XcodeDefault.xctoolchain/usr/bin/cc   -isysroot /Applications/Xcode.app/Contents/Developer/Platforms/MacOSX.platform/Developer/SDKs/MacOSX11.3.sdk -mmacosx-version-min=11.2   -o CMakeFiles/cmTC_e8c79.dir/CheckIncludeFile.c.o   -c /Users/wangyankun/Downloads/llvm-project-swift-release-5.4/llvm/cmake-build-debug/CMakeFiles/CMakeTmp/CheckIncludeFile.c
/Users/wangyankun/Downloads/llvm-project-swift-release-5.4/llvm/cmake-build-debug/CMakeFiles/CMakeTmp/CheckIncludeFile.c:1:10: fatal error: 'link.h' file not found
#include <link.h>
         ^~~~~~~~
1 error generated.
make[1]: *** [CMakeFiles/cmTC_e8c79.dir/CheckIncludeFile.c.o] Error 1
make: *** [cmTC_e8c79/fast] Error 2



Determining if the include file valgrind/valgrind.h exists failed with the following output:
Change Dir: /Users/wangyankun/Downloads/llvm-project-swift-release-5.4/llvm/cmake-build-debug/CMakeFiles/CMakeTmp

Run Build Command(s):/usr/bin/make cmTC_2a4da/fast && /Applications/Xcode.app/Contents/Developer/usr/bin/make  -f CMakeFiles/cmTC_2a4da.dir/build.make CMakeFiles/cmTC_2a4da.dir/build
Building C object CMakeFiles/cmTC_2a4da.dir/CheckIncludeFile.c.o
/Applications/Xcode.app/Contents/Developer/Toolchains/XcodeDefault.xctoolchain/usr/bin/cc   -isysroot /Applications/Xcode.app/Contents/Developer/Platforms/MacOSX.platform/Developer/SDKs/MacOSX11.3.sdk -mmacosx-version-min=11.2   -o CMakeFiles/cmTC_2a4da.dir/CheckIncludeFile.c.o   -c /Users/wangyankun/Downloads/llvm-project-swift-release-5.4/llvm/cmake-build-debug/CMakeFiles/CMakeTmp/CheckIncludeFile.c
/Users/wangyankun/Downloads/llvm-project-swift-release-5.4/llvm/cmake-build-debug/CMakeFiles/CMakeTmp/CheckIncludeFile.c:1:10: fatal error: 'valgrind/valgrind.h' file not found
#include <valgrind/valgrind.h>
         ^~~~~~~~~~~~~~~~~~~~~
1 error generated.
make[1]: *** [CMakeFiles/cmTC_2a4da.dir/CheckIncludeFile.c.o] Error 1
make: *** [cmTC_2a4da/fast] Error 2



Determining if the include file CrashReporterClient.h exists failed with the following output:
Change Dir: /Users/wangyankun/Downloads/llvm-project-swift-release-5.4/llvm/cmake-build-debug/CMakeFiles/CMakeTmp

Run Build Command(s):/usr/bin/make cmTC_1c394/fast && /Applications/Xcode.app/Contents/Developer/usr/bin/make  -f CMakeFiles/cmTC_1c394.dir/build.make CMakeFiles/cmTC_1c394.dir/build
Building C object CMakeFiles/cmTC_1c394.dir/CheckIncludeFile.c.o
/Applications/Xcode.app/Contents/Developer/Toolchains/XcodeDefault.xctoolchain/usr/bin/cc   -isysroot /Applications/Xcode.app/Contents/Developer/Platforms/MacOSX.platform/Developer/SDKs/MacOSX11.3.sdk -mmacosx-version-min=11.2   -o CMakeFiles/cmTC_1c394.dir/CheckIncludeFile.c.o   -c /Users/wangyankun/Downloads/llvm-project-swift-release-5.4/llvm/cmake-build-debug/CMakeFiles/CMakeTmp/CheckIncludeFile.c
/Users/wangyankun/Downloads/llvm-project-swift-release-5.4/llvm/cmake-build-debug/CMakeFiles/CMakeTmp/CheckIncludeFile.c:1:10: fatal error: 'CrashReporterClient.h' file not found
#include <CrashReporterClient.h>
         ^~~~~~~~~~~~~~~~~~~~~~~
1 error generated.
make[1]: *** [CMakeFiles/cmTC_1c394.dir/CheckIncludeFile.c.o] Error 1
make: *** [cmTC_1c394/fast] Error 2



Determining if the function clock_gettime exists in the rt failed with the following output:
Change Dir: /Users/wangyankun/Downloads/llvm-project-swift-release-5.4/llvm/cmake-build-debug/CMakeFiles/CMakeTmp

Run Build Command(s):/usr/bin/make cmTC_012a4/fast && /Applications/Xcode.app/Contents/Developer/usr/bin/make  -f CMakeFiles/cmTC_012a4.dir/build.make CMakeFiles/cmTC_012a4.dir/build
Building C object CMakeFiles/cmTC_012a4.dir/CheckFunctionExists.c.o
/Applications/Xcode.app/Contents/Developer/Toolchains/XcodeDefault.xctoolchain/usr/bin/cc   -DCHECK_FUNCTION_EXISTS=clock_gettime -isysroot /Applications/Xcode.app/Contents/Developer/Platforms/MacOSX.platform/Developer/SDKs/MacOSX11.3.sdk -mmacosx-version-min=11.2   -o CMakeFiles/cmTC_012a4.dir/CheckFunctionExists.c.o   -c /Applications/CLion.app/Contents/bin/cmake/mac/share/cmake-3.17/Modules/CheckFunctionExists.c
Linking C executable cmTC_012a4
/Applications/CLion.app/Contents/bin/cmake/mac/bin/cmake -E cmake_link_script CMakeFiles/cmTC_012a4.dir/link.txt --verbose=1
/Applications/Xcode.app/Contents/Developer/Toolchains/XcodeDefault.xctoolchain/usr/bin/cc  -DCHECK_FUNCTION_EXISTS=clock_gettime -isysroot /Applications/Xcode.app/Contents/Developer/Platforms/MacOSX.platform/Developer/SDKs/MacOSX11.3.sdk -mmacosx-version-min=11.2 -Wl,-search_paths_first -Wl,-headerpad_max_install_names   CMakeFiles/cmTC_012a4.dir/CheckFunctionExists.c.o  -o cmTC_012a4  -lrt 
ld: library not found for -lrt
clang: error: linker command failed with exit code 1 (use -v to see invocation)
make[1]: *** [cmTC_012a4] Error 1
make: *** [cmTC_012a4/fast] Error 2



Determining if the function pfm_initialize exists in the pfm failed with the following output:
Change Dir: /Users/wangyankun/Downloads/llvm-project-swift-release-5.4/llvm/cmake-build-debug/CMakeFiles/CMakeTmp

Run Build Command(s):/usr/bin/make cmTC_ea463/fast && /Applications/Xcode.app/Contents/Developer/usr/bin/make  -f CMakeFiles/cmTC_ea463.dir/build.make CMakeFiles/cmTC_ea463.dir/build
Building C object CMakeFiles/cmTC_ea463.dir/CheckFunctionExists.c.o
/Applications/Xcode.app/Contents/Developer/Toolchains/XcodeDefault.xctoolchain/usr/bin/cc   -DCHECK_FUNCTION_EXISTS=pfm_initialize -isysroot /Applications/Xcode.app/Contents/Developer/Platforms/MacOSX.platform/Developer/SDKs/MacOSX11.3.sdk -mmacosx-version-min=11.2   -o CMakeFiles/cmTC_ea463.dir/CheckFunctionExists.c.o   -c /Applications/CLion.app/Contents/bin/cmake/mac/share/cmake-3.17/Modules/CheckFunctionExists.c
Linking C executable cmTC_ea463
/Applications/CLion.app/Contents/bin/cmake/mac/bin/cmake -E cmake_link_script CMakeFiles/cmTC_ea463.dir/link.txt --verbose=1
/Applications/Xcode.app/Contents/Developer/Toolchains/XcodeDefault.xctoolchain/usr/bin/cc  -DCHECK_FUNCTION_EXISTS=pfm_initialize -isysroot /Applications/Xcode.app/Contents/Developer/Platforms/MacOSX.platform/Developer/SDKs/MacOSX11.3.sdk -mmacosx-version-min=11.2 -Wl,-search_paths_first -Wl,-headerpad_max_install_names   CMakeFiles/cmTC_ea463.dir/CheckFunctionExists.c.o  -o cmTC_ea463  -lpfm 
ld: library not found for -lpfm
clang: error: linker command failed with exit code 1 (use -v to see invocation)
make[1]: *** [cmTC_ea463] Error 1
make: *** [cmTC_ea463/fast] Error 2



Determining if the function setupterm exists in the terminfo failed with the following output:
Change Dir: /Users/wangyankun/Downloads/llvm-project-swift-release-5.4/llvm/cmake-build-debug/CMakeFiles/CMakeTmp

Run Build Command(s):/usr/bin/make cmTC_a0ed3/fast && /Applications/Xcode.app/Contents/Developer/usr/bin/make  -f CMakeFiles/cmTC_a0ed3.dir/build.make CMakeFiles/cmTC_a0ed3.dir/build
Building C object CMakeFiles/cmTC_a0ed3.dir/CheckFunctionExists.c.o
/Applications/Xcode.app/Contents/Developer/Toolchains/XcodeDefault.xctoolchain/usr/bin/cc   -DCHECK_FUNCTION_EXISTS=setupterm -isysroot /Applications/Xcode.app/Contents/Developer/Platforms/MacOSX.platform/Developer/SDKs/MacOSX11.3.sdk -mmacosx-version-min=11.2   -o CMakeFiles/cmTC_a0ed3.dir/CheckFunctionExists.c.o   -c /Applications/CLion.app/Contents/bin/cmake/mac/share/cmake-3.17/Modules/CheckFunctionExists.c
Linking C executable cmTC_a0ed3
/Applications/CLion.app/Contents/bin/cmake/mac/bin/cmake -E cmake_link_script CMakeFiles/cmTC_a0ed3.dir/link.txt --verbose=1
/Applications/Xcode.app/Contents/Developer/Toolchains/XcodeDefault.xctoolchain/usr/bin/cc  -DCHECK_FUNCTION_EXISTS=setupterm -isysroot /Applications/Xcode.app/Contents/Developer/Platforms/MacOSX.platform/Developer/SDKs/MacOSX11.3.sdk -mmacosx-version-min=11.2 -Wl,-search_paths_first -Wl,-headerpad_max_install_names   CMakeFiles/cmTC_a0ed3.dir/CheckFunctionExists.c.o  -o cmTC_a0ed3  -lterminfo 
ld: library not found for -lterminfo
clang: error: linker command failed with exit code 1 (use -v to see invocation)
make[1]: *** [cmTC_a0ed3] Error 1
make: *** [cmTC_a0ed3/fast] Error 2



Determining if the function setupterm exists in the tinfo failed with the following output:
Change Dir: /Users/wangyankun/Downloads/llvm-project-swift-release-5.4/llvm/cmake-build-debug/CMakeFiles/CMakeTmp

Run Build Command(s):/usr/bin/make cmTC_f31ac/fast && /Applications/Xcode.app/Contents/Developer/usr/bin/make  -f CMakeFiles/cmTC_f31ac.dir/build.make CMakeFiles/cmTC_f31ac.dir/build
Building C object CMakeFiles/cmTC_f31ac.dir/CheckFunctionExists.c.o
/Applications/Xcode.app/Contents/Developer/Toolchains/XcodeDefault.xctoolchain/usr/bin/cc   -DCHECK_FUNCTION_EXISTS=setupterm -isysroot /Applications/Xcode.app/Contents/Developer/Platforms/MacOSX.platform/Developer/SDKs/MacOSX11.3.sdk -mmacosx-version-min=11.2   -o CMakeFiles/cmTC_f31ac.dir/CheckFunctionExists.c.o   -c /Applications/CLion.app/Contents/bin/cmake/mac/share/cmake-3.17/Modules/CheckFunctionExists.c
Linking C executable cmTC_f31ac
/Applications/CLion.app/Contents/bin/cmake/mac/bin/cmake -E cmake_link_script CMakeFiles/cmTC_f31ac.dir/link.txt --verbose=1
/Applications/Xcode.app/Contents/Developer/Toolchains/XcodeDefault.xctoolchain/usr/bin/cc  -DCHECK_FUNCTION_EXISTS=setupterm -isysroot /Applications/Xcode.app/Contents/Developer/Platforms/MacOSX.platform/Developer/SDKs/MacOSX11.3.sdk -mmacosx-version-min=11.2 -Wl,-search_paths_first -Wl,-headerpad_max_install_names   CMakeFiles/cmTC_f31ac.dir/CheckFunctionExists.c.o  -o cmTC_f31ac  -ltinfo 
ld: library not found for -ltinfo
clang: error: linker command failed with exit code 1 (use -v to see invocation)
make[1]: *** [cmTC_f31ac] Error 1
make: *** [cmTC_f31ac/fast] Error 2



Determining if the posix_fallocate exist failed with the following output:
Change Dir: /Users/wangyankun/Downloads/llvm-project-swift-release-5.4/llvm/cmake-build-debug/CMakeFiles/CMakeTmp

Run Build Command(s):/usr/bin/make cmTC_1bab6/fast && /Applications/Xcode.app/Contents/Developer/usr/bin/make  -f CMakeFiles/cmTC_1bab6.dir/build.make CMakeFiles/cmTC_1bab6.dir/build
Building C object CMakeFiles/cmTC_1bab6.dir/CheckSymbolExists.c.o
/Applications/Xcode.app/Contents/Developer/Toolchains/XcodeDefault.xctoolchain/usr/bin/cc   -Werror=unguarded-availability-new -isysroot /Applications/Xcode.app/Contents/Developer/Platforms/MacOSX.platform/Developer/SDKs/MacOSX11.3.sdk -mmacosx-version-min=11.2   -o CMakeFiles/cmTC_1bab6.dir/CheckSymbolExists.c.o   -c /Users/wangyankun/Downloads/llvm-project-swift-release-5.4/llvm/cmake-build-debug/CMakeFiles/CMakeTmp/CheckSymbolExists.c
/Users/wangyankun/Downloads/llvm-project-swift-release-5.4/llvm/cmake-build-debug/CMakeFiles/CMakeTmp/CheckSymbolExists.c:8:19: error: use of undeclared identifier 'posix_fallocate'
  return ((int*)(&posix_fallocate))[argc];
                  ^
1 error generated.
make[1]: *** [CMakeFiles/cmTC_1bab6.dir/CheckSymbolExists.c.o] Error 1
make: *** [cmTC_1bab6/fast] Error 2


File /Users/wangyankun/Downloads/llvm-project-swift-release-5.4/llvm/cmake-build-debug/CMakeFiles/CMakeTmp/CheckSymbolExists.c:
/* */
#include <fcntl.h>

int main(int argc, char** argv)
{
  (void)argv;
#ifndef posix_fallocate
  return ((int*)(&posix_fallocate))[argc];
#else
  (void)argc;
  return 0;
#endif
}
Determining if the lseek64 exist failed with the following output:
Change Dir: /Users/wangyankun/Downloads/llvm-project-swift-release-5.4/llvm/cmake-build-debug/CMakeFiles/CMakeTmp

Run Build Command(s):/usr/bin/make cmTC_8209a/fast && /Applications/Xcode.app/Contents/Developer/usr/bin/make  -f CMakeFiles/cmTC_8209a.dir/build.make CMakeFiles/cmTC_8209a.dir/build
Building C object CMakeFiles/cmTC_8209a.dir/CheckSymbolExists.c.o
/Applications/Xcode.app/Contents/Developer/Toolchains/XcodeDefault.xctoolchain/usr/bin/cc -D_LARGEFILE64_SOURCE  -Werror=unguarded-availability-new -isysroot /Applications/Xcode.app/Contents/Developer/Platforms/MacOSX.platform/Developer/SDKs/MacOSX11.3.sdk -mmacosx-version-min=11.2   -o CMakeFiles/cmTC_8209a.dir/CheckSymbolExists.c.o   -c /Users/wangyankun/Downloads/llvm-project-swift-release-5.4/llvm/cmake-build-debug/CMakeFiles/CMakeTmp/CheckSymbolExists.c
/Users/wangyankun/Downloads/llvm-project-swift-release-5.4/llvm/cmake-build-debug/CMakeFiles/CMakeTmp/CheckSymbolExists.c:9:19: error: use of undeclared identifier 'lseek64'; did you mean 'lseek'?
  return ((int*)(&lseek64))[argc];
                  ^~~~~~~
                  lseek
/Applications/Xcode.app/Contents/Developer/Platforms/MacOSX.platform/Developer/SDKs/MacOSX11.3.sdk/usr/include/unistd.h:465:8: note: 'lseek' declared here
off_t    lseek(int, off_t, int);
         ^
1 error generated.
make[1]: *** [CMakeFiles/cmTC_8209a.dir/CheckSymbolExists.c.o] Error 1
make: *** [cmTC_8209a/fast] Error 2


File /Users/wangyankun/Downloads/llvm-project-swift-release-5.4/llvm/cmake-build-debug/CMakeFiles/CMakeTmp/CheckSymbolExists.c:
/* */
#include <sys/types.h>
#include <unistd.h>

int main(int argc, char** argv)
{
  (void)argv;
#ifndef lseek64
  return ((int*)(&lseek64))[argc];
#else
  (void)argc;
  return 0;
#endif
}
Determining if the mallctl exist failed with the following output:
Change Dir: /Users/wangyankun/Downloads/llvm-project-swift-release-5.4/llvm/cmake-build-debug/CMakeFiles/CMakeTmp

Run Build Command(s):/usr/bin/make cmTC_924c4/fast && /Applications/Xcode.app/Contents/Developer/usr/bin/make  -f CMakeFiles/cmTC_924c4.dir/build.make CMakeFiles/cmTC_924c4.dir/build
Building C object CMakeFiles/cmTC_924c4.dir/CheckSymbolExists.c.o
/Applications/Xcode.app/Contents/Developer/Toolchains/XcodeDefault.xctoolchain/usr/bin/cc   -Werror=unguarded-availability-new -isysroot /Applications/Xcode.app/Contents/Developer/Platforms/MacOSX.platform/Developer/SDKs/MacOSX11.3.sdk -mmacosx-version-min=11.2   -o CMakeFiles/cmTC_924c4.dir/CheckSymbolExists.c.o   -c /Users/wangyankun/Downloads/llvm-project-swift-release-5.4/llvm/cmake-build-debug/CMakeFiles/CMakeTmp/CheckSymbolExists.c
/Users/wangyankun/Downloads/llvm-project-swift-release-5.4/llvm/cmake-build-debug/CMakeFiles/CMakeTmp/CheckSymbolExists.c:2:10: fatal error: 'malloc_np.h' file not found
#include <malloc_np.h>
         ^~~~~~~~~~~~~
1 error generated.
make[1]: *** [CMakeFiles/cmTC_924c4.dir/CheckSymbolExists.c.o] Error 1
make: *** [cmTC_924c4/fast] Error 2


File /Users/wangyankun/Downloads/llvm-project-swift-release-5.4/llvm/cmake-build-debug/CMakeFiles/CMakeTmp/CheckSymbolExists.c:
/* */
#include <malloc_np.h>

int main(int argc, char** argv)
{
  (void)argv;
#ifndef mallctl
  return ((int*)(&mallctl))[argc];
#else
  (void)argc;
  return 0;
#endif
}
Determining if the mallinfo exist failed with the following output:
Change Dir: /Users/wangyankun/Downloads/llvm-project-swift-release-5.4/llvm/cmake-build-debug/CMakeFiles/CMakeTmp

Run Build Command(s):/usr/bin/make cmTC_073de/fast && /Applications/Xcode.app/Contents/Developer/usr/bin/make  -f CMakeFiles/cmTC_073de.dir/build.make CMakeFiles/cmTC_073de.dir/build
Building C object CMakeFiles/cmTC_073de.dir/CheckSymbolExists.c.o
/Applications/Xcode.app/Contents/Developer/Toolchains/XcodeDefault.xctoolchain/usr/bin/cc   -Werror=unguarded-availability-new -isysroot /Applications/Xcode.app/Contents/Developer/Platforms/MacOSX.platform/Developer/SDKs/MacOSX11.3.sdk -mmacosx-version-min=11.2   -o CMakeFiles/cmTC_073de.dir/CheckSymbolExists.c.o   -c /Users/wangyankun/Downloads/llvm-project-swift-release-5.4/llvm/cmake-build-debug/CMakeFiles/CMakeTmp/CheckSymbolExists.c
/Users/wangyankun/Downloads/llvm-project-swift-release-5.4/llvm/cmake-build-debug/CMakeFiles/CMakeTmp/CheckSymbolExists.c:2:10: fatal error: 'malloc.h' file not found
#include <malloc.h>
         ^~~~~~~~~~
1 error generated.
make[1]: *** [CMakeFiles/cmTC_073de.dir/CheckSymbolExists.c.o] Error 1
make: *** [cmTC_073de/fast] Error 2


File /Users/wangyankun/Downloads/llvm-project-swift-release-5.4/llvm/cmake-build-debug/CMakeFiles/CMakeTmp/CheckSymbolExists.c:
/* */
#include <malloc.h>

int main(int argc, char** argv)
{
  (void)argv;
#ifndef mallinfo
  return ((int*)(&mallinfo))[argc];
#else
  (void)argc;
  return 0;
#endif
}
Determining if the strerror_s exist failed with the following output:
Change Dir: /Users/wangyankun/Downloads/llvm-project-swift-release-5.4/llvm/cmake-build-debug/CMakeFiles/CMakeTmp

Run Build Command(s):/usr/bin/make cmTC_1106b/fast && /Applications/Xcode.app/Contents/Developer/usr/bin/make  -f CMakeFiles/cmTC_1106b.dir/build.make CMakeFiles/cmTC_1106b.dir/build
Building C object CMakeFiles/cmTC_1106b.dir/CheckSymbolExists.c.o
/Applications/Xcode.app/Contents/Developer/Toolchains/XcodeDefault.xctoolchain/usr/bin/cc   -Werror=unguarded-availability-new -isysroot /Applications/Xcode.app/Contents/Developer/Platforms/MacOSX.platform/Developer/SDKs/MacOSX11.3.sdk -mmacosx-version-min=11.2   -o CMakeFiles/cmTC_1106b.dir/CheckSymbolExists.c.o   -c /Users/wangyankun/Downloads/llvm-project-swift-release-5.4/llvm/cmake-build-debug/CMakeFiles/CMakeTmp/CheckSymbolExists.c
/Users/wangyankun/Downloads/llvm-project-swift-release-5.4/llvm/cmake-build-debug/CMakeFiles/CMakeTmp/CheckSymbolExists.c:8:19: error: use of undeclared identifier 'strerror_s'; did you mean 'strerror_r'?
  return ((int*)(&strerror_s))[argc];
                  ^~~~~~~~~~
                  strerror_r
/Applications/Xcode.app/Contents/Developer/Platforms/MacOSX.platform/Developer/SDKs/MacOSX11.3.sdk/usr/include/string.h:116:6: note: 'strerror_r' declared here
int      strerror_r(int __errnum, char *__strerrbuf, size_t __buflen);
         ^
1 error generated.
make[1]: *** [CMakeFiles/cmTC_1106b.dir/CheckSymbolExists.c.o] Error 1
make: *** [cmTC_1106b/fast] Error 2


File /Users/wangyankun/Downloads/llvm-project-swift-release-5.4/llvm/cmake-build-debug/CMakeFiles/CMakeTmp/CheckSymbolExists.c:
/* */
#include <string.h>

int main(int argc, char** argv)
{
  (void)argv;
#ifndef strerror_s
  return ((int*)(&strerror_s))[argc];
#else
  (void)argc;
  return 0;
#endif
}
Performing C SOURCE FILE Test HAVE_STRUCT_STAT_ST_MTIM_TV_NSEC failed with the following output:
Change Dir: /Users/wangyankun/Downloads/llvm-project-swift-release-5.4/llvm/cmake-build-debug/CMakeFiles/CMakeTmp

Run Build Command(s):/usr/bin/make cmTC_bb335/fast && /Applications/Xcode.app/Contents/Developer/usr/bin/make  -f CMakeFiles/cmTC_bb335.dir/build.make CMakeFiles/cmTC_bb335.dir/build
Building C object CMakeFiles/cmTC_bb335.dir/src.c.o
/Applications/Xcode.app/Contents/Developer/Toolchains/XcodeDefault.xctoolchain/usr/bin/cc   -DHAVE_STRUCT_STAT_ST_MTIM_TV_NSEC  -Werror=unguarded-availability-new -isysroot /Applications/Xcode.app/Contents/Developer/Platforms/MacOSX.platform/Developer/SDKs/MacOSX11.3.sdk -mmacosx-version-min=11.2   -o CMakeFiles/cmTC_bb335.dir/src.c.o   -c /Users/wangyankun/Downloads/llvm-project-swift-release-5.4/llvm/cmake-build-debug/CMakeFiles/CMakeTmp/src.c
/Users/wangyankun/Downloads/llvm-project-swift-release-5.4/llvm/cmake-build-debug/CMakeFiles/CMakeTmp/src.c:7:36: error: no member named 'st_mtim' in 'struct stat'
  (void)sizeof(((struct stat *)0)->st_mtim.tv_nsec);
               ~~~~~~~~~~~~~~~~~~  ^
1 error generated.
make[1]: *** [CMakeFiles/cmTC_bb335.dir/src.c.o] Error 1
make: *** [cmTC_bb335/fast] Error 2


Source file was:

#include <sys/types.h>
#include <sys/stat.h>

int main()
{
  (void)sizeof(((struct stat *)0)->st_mtim.tv_nsec);
  return 0;
}

Determining if the __GLIBC__ exist failed with the following output:
Change Dir: /Users/wangyankun/Downloads/llvm-project-swift-release-5.4/llvm/cmake-build-debug/CMakeFiles/CMakeTmp

Run Build Command(s):/usr/bin/make cmTC_8916a/fast && /Applications/Xcode.app/Contents/Developer/usr/bin/make  -f CMakeFiles/cmTC_8916a.dir/build.make CMakeFiles/cmTC_8916a.dir/build
Building C object CMakeFiles/cmTC_8916a.dir/CheckSymbolExists.c.o
/Applications/Xcode.app/Contents/Developer/Toolchains/XcodeDefault.xctoolchain/usr/bin/cc   -Werror=unguarded-availability-new -isysroot /Applications/Xcode.app/Contents/Developer/Platforms/MacOSX.platform/Developer/SDKs/MacOSX11.3.sdk -mmacosx-version-min=11.2   -o CMakeFiles/cmTC_8916a.dir/CheckSymbolExists.c.o   -c /Users/wangyankun/Downloads/llvm-project-swift-release-5.4/llvm/cmake-build-debug/CMakeFiles/CMakeTmp/CheckSymbolExists.c
/Users/wangyankun/Downloads/llvm-project-swift-release-5.4/llvm/cmake-build-debug/CMakeFiles/CMakeTmp/CheckSymbolExists.c:8:19: error: use of undeclared identifier '__GLIBC__'
  return ((int*)(&__GLIBC__))[argc];
                  ^
1 error generated.
make[1]: *** [CMakeFiles/cmTC_8916a.dir/CheckSymbolExists.c.o] Error 1
make: *** [cmTC_8916a/fast] Error 2


File /Users/wangyankun/Downloads/llvm-project-swift-release-5.4/llvm/cmake-build-debug/CMakeFiles/CMakeTmp/CheckSymbolExists.c:
/* */
#include <stdio.h>

int main(int argc, char** argv)
{
  (void)argv;
#ifndef __GLIBC__
  return ((int*)(&__GLIBC__))[argc];
#else
  (void)argc;
  return 0;
#endif
}
Performing C++ SOURCE FILE Test CXX_SUPPORTS_CLASS_MEMACCESS_FLAG failed with the following output:
Change Dir: /Users/wangyankun/Downloads/llvm-project-swift-release-5.4/llvm/cmake-build-debug/CMakeFiles/CMakeTmp

Run Build Command(s):/usr/bin/make cmTC_8ac6f/fast && /Applications/Xcode.app/Contents/Developer/usr/bin/make  -f CMakeFiles/cmTC_8ac6f.dir/build.make CMakeFiles/cmTC_8ac6f.dir/build
Building CXX object CMakeFiles/cmTC_8ac6f.dir/src.cxx.o
/Applications/Xcode.app/Contents/Developer/Toolchains/XcodeDefault.xctoolchain/usr/bin/c++    -fPIC -fvisibility-inlines-hidden -Werror=date-time -Werror=unguarded-availability-new -Wall -Wextra -Wno-unused-parameter -Wwrite-strings -Wcast-qual -Wmissing-field-initializers -pedantic -Wno-long-long -Wimplicit-fallthrough -Wcovered-switch-default -DCXX_SUPPORTS_CLASS_MEMACCESS_FLAG  -Werror=unguarded-availability-new -isysroot /Applications/Xcode.app/Contents/Developer/Platforms/MacOSX.platform/Developer/SDKs/MacOSX11.3.sdk -mmacosx-version-min=11.2   -Wclass-memaccess -o CMakeFiles/cmTC_8ac6f.dir/src.cxx.o -c /Users/wangyankun/Downloads/llvm-project-swift-release-5.4/llvm/cmake-build-debug/CMakeFiles/CMakeTmp/src.cxx
warning: unknown warning option '-Wclass-memaccess'; did you mean '-Wclass-varargs'? [-Wunknown-warning-option]
1 warning generated.
Linking CXX executable cmTC_8ac6f
/Applications/CLion.app/Contents/bin/cmake/mac/bin/cmake -E cmake_link_script CMakeFiles/cmTC_8ac6f.dir/link.txt --verbose=1
/Applications/Xcode.app/Contents/Developer/Toolchains/XcodeDefault.xctoolchain/usr/bin/c++   -fPIC -fvisibility-inlines-hidden -Werror=date-time -Werror=unguarded-availability-new -Wall -Wextra -Wno-unused-parameter -Wwrite-strings -Wcast-qual -Wmissing-field-initializers -pedantic -Wno-long-long -Wimplicit-fallthrough -Wcovered-switch-default -DCXX_SUPPORTS_CLASS_MEMACCESS_FLAG  -Werror=unguarded-availability-new -isysroot /Applications/Xcode.app/Contents/Developer/Platforms/MacOSX.platform/Developer/SDKs/MacOSX11.3.sdk -mmacosx-version-min=11.2 -Wl,-search_paths_first -Wl,-headerpad_max_install_names   CMakeFiles/cmTC_8ac6f.dir/src.cxx.o  -o cmTC_8ac6f 


Source file was:
int main() { return 0; }
Performing C++ SOURCE FILE Test HAVE_CXX_FLAG_WD654 failed with the following output:
Change Dir: /Users/wangyankun/Downloads/llvm-project-swift-release-5.4/llvm/cmake-build-debug/CMakeFiles/CMakeTmp

Run Build Command(s):/usr/bin/make cmTC_18fdb/fast && /Applications/Xcode.app/Contents/Developer/usr/bin/make  -f CMakeFiles/cmTC_18fdb.dir/build.make CMakeFiles/cmTC_18fdb.dir/build
Building CXX object CMakeFiles/cmTC_18fdb.dir/src.cxx.o
/Applications/Xcode.app/Contents/Developer/Toolchains/XcodeDefault.xctoolchain/usr/bin/c++    -fPIC -fvisibility-inlines-hidden -Werror=date-time -Werror=unguarded-availability-new -Wall -Wextra -Wno-unused-parameter -Wwrite-strings -Wcast-qual -Wmissing-field-initializers -pedantic -Wno-long-long -Wimplicit-fallthrough -Wcovered-switch-default -Wno-noexcept-type -Wnon-virtual-dtor -Wdelete-non-virtual-dtor -Wstring-conversion -index-store-path "/Users/wangyankun/Downloads/llvm-project-swift-release-5.4/llvm/cmake-build-debug/IndexStore"  -std=c++11  -Wall  -Wextra  -Wshadow  -pedantic  -pedantic-errors  -Wshorten-64-to-32  -Wfloat-equal  -fstrict-aliasing  -fno-exceptions  -Wstrict-aliasing -DHAVE_CXX_FLAG_WD654  -Werror=unguarded-availability-new -wd654 -isysroot /Applications/Xcode.app/Contents/Developer/Platforms/MacOSX.platform/Developer/SDKs/MacOSX11.3.sdk -mmacosx-version-min=11.2   -wd654 -o CMakeFiles/cmTC_18fdb.dir/src.cxx.o -c /Users/wangyankun/Downloads/llvm-project-swift-release-5.4/llvm/cmake-build-debug/CMakeFiles/CMakeTmp/src.cxx
clang: error: unknown argument: '-wd654'
clang: error: unknown argument: '-wd654'
make[1]: *** [CMakeFiles/cmTC_18fdb.dir/src.cxx.o] Error 1
make: *** [cmTC_18fdb/fast] Error 2


Source file was:
int main() { return 0; }
